<?xml version="1.0" encoding="UTF-8"?>
<testng-results ignored="0" total="1" passed="1" failed="0" skipped="0">
  <reporter-output>
  </reporter-output>
  <suite started-at="2020-10-01T15:38:38Z" name="Default suite" finished-at="2020-10-01T15:38:46Z" duration-ms="7687">
    <groups>
    </groups>
    <test started-at="2020-10-01T15:38:38Z" name="Default test" finished-at="2020-10-01T15:38:46Z" duration-ms="7687">
      <class name="qaclickacademy.ExtentReports.ExtentReportsDemo">
        <test-method is-config="true" signature="config()[pri:0, instance:qaclickacademy.ExtentReports.ExtentReportsDemo@302552ec]" started-at="2020-10-01T21:08:38Z" name="config" finished-at="2020-10-01T21:08:39Z" duration-ms="356" status="PASS">
          <reporter-output>
          </reporter-output>
        </test-method> <!-- config -->
        <test-method signature="initialDemo()[pri:0, instance:qaclickacademy.ExtentReports.ExtentReportsDemo@302552ec]" started-at="2020-10-01T21:08:39Z" name="initialDemo" finished-at="2020-10-01T21:08:46Z" duration-ms="7293" status="PASS">
          <reporter-output>
          </reporter-output>
        </test-method> <!-- initialDemo -->
      </class> <!-- qaclickacademy.ExtentReports.ExtentReportsDemo -->
    </test> <!-- Default test -->
  </suite> <!-- Default suite -->
</testng-results>
